<?xml version="1.0" encoding="UTF-8"?>
<robot generator="Robot 4.1.3 (Python 3.9.2 on win32)" generated="20220321 17:19:50.495" rpa="false" schemaversion="2">
<suite id="s1" name="Verify Rooms Suite" source="E:\ROBOT_SESSION\CAPTION_PROJECT\my_info_suite\verify_rooms_suite.robot">
<test id="s1-t1" name="TC1">
<kw name="Launch Browser And Navigate To URL" library="Common_functionality" type="SETUP">
<if>
<branch type="IF" condition="'${BROWSER_NAME}'=='edge'">
<kw name="Set Local Variable" library="BuiltIn">
<arg>${driver_name}</arg>
<arg>msedgedriver.exe</arg>
<doc>Makes a variable available everywhere within the local scope.</doc>
<status status="NOT RUN" starttime="20220321 17:19:50.787" endtime="20220321 17:19:50.787"/>
</kw>
<status status="NOT RUN" starttime="20220321 17:19:50.787" endtime="20220321 17:19:50.787"/>
</branch>
<branch type="ELSE IF" condition="'${BROWSER_NAME}'== 'ff'">
<kw name="Set Local Variable" library="BuiltIn">
<arg>${driver_name}</arg>
<arg>geckodriver.exe</arg>
<doc>Makes a variable available everywhere within the local scope.</doc>
<status status="NOT RUN" starttime="20220321 17:19:50.787" endtime="20220321 17:19:50.787"/>
</kw>
<status status="NOT RUN" starttime="20220321 17:19:50.787" endtime="20220321 17:19:50.787"/>
</branch>
<branch type="ELSE">
<kw name="Set Local Variable" library="BuiltIn">
<arg>${driver_name}</arg>
<arg>chromedriver.exe</arg>
<doc>Makes a variable available everywhere within the local scope.</doc>
<msg timestamp="20220321 17:19:50.789" level="INFO">${driver_name} = chromedriver.exe</msg>
<status status="PASS" starttime="20220321 17:19:50.788" endtime="20220321 17:19:50.789"/>
</kw>
<status status="PASS" starttime="20220321 17:19:50.787" endtime="20220321 17:19:50.789"/>
</branch>
<status status="PASS" starttime="20220321 17:19:50.786" endtime="20220321 17:19:50.789"/>
</if>
<kw name="Open Browser" library="SeleniumLibrary">
<arg>browser=${BROWSER_NAME}</arg>
<arg>executable_path=${EXECDIR}${/}driver${/}${driver_name}</arg>
<doc>Opens a new browser instance to the optional ``url``.</doc>
<msg timestamp="20220321 17:19:50.790" level="INFO">Opening browser 'chrome' to base url 'None'.</msg>
<status status="PASS" starttime="20220321 17:19:50.789" endtime="20220321 17:19:53.547"/>
</kw>
<kw name="Maximize Browser Window" library="SeleniumLibrary">
<doc>Maximizes current browser window.</doc>
<status status="PASS" starttime="20220321 17:19:53.547" endtime="20220321 17:19:53.686"/>
</kw>
<kw name="Set Selenium Implicit Wait" library="SeleniumLibrary">
<arg>30s</arg>
<doc>Sets the implicit wait value used by Selenium.</doc>
<status status="PASS" starttime="20220321 17:19:53.687" endtime="20220321 17:19:53.689"/>
</kw>
<kw name="Set Screenshot Directory" library="SeleniumLibrary">
<arg>${EXECDIR}${/}screenshot</arg>
<doc>Sets the directory for captured screenshots.</doc>
<status status="PASS" starttime="20220321 17:19:53.689" endtime="20220321 17:19:53.690"/>
</kw>
<kw name="Go To" library="SeleniumLibrary">
<arg>url=${URL}</arg>
<doc>Navigates the current browser window to the provided ``url``.</doc>
<msg timestamp="20220321 17:19:53.690" level="INFO">Opening url 'https://www.ikea.com/in/en/'</msg>
<status status="PASS" starttime="20220321 17:19:53.690" endtime="20220321 17:19:59.064"/>
</kw>
<status status="PASS" starttime="20220321 17:19:50.786" endtime="20220321 17:19:59.064"/>
</kw>
<kw name="Verify Rooms Template">
<arg>Rooms</arg>
<msg timestamp="20220321 17:19:59.065" level="FAIL">Keyword 'Verify Rooms Template' expected 2 arguments, got 1.</msg>
<status status="FAIL" starttime="20220321 17:19:59.065" endtime="20220321 17:19:59.065"/>
</kw>
<status status="FAIL" starttime="20220321 17:19:50.785" endtime="20220321 17:19:59.066">Keyword 'Verify Rooms Template' expected 2 arguments, got 1.</status>
</test>
<test id="s1-t2" name="TC2">
<kw name="Launch Browser And Navigate To URL" library="Common_functionality" type="SETUP">
<if>
<branch type="IF" condition="'${BROWSER_NAME}'=='edge'">
<kw name="Set Local Variable" library="BuiltIn">
<arg>${driver_name}</arg>
<arg>msedgedriver.exe</arg>
<doc>Makes a variable available everywhere within the local scope.</doc>
<status status="NOT RUN" starttime="20220321 17:19:59.069" endtime="20220321 17:19:59.069"/>
</kw>
<status status="NOT RUN" starttime="20220321 17:19:59.069" endtime="20220321 17:19:59.069"/>
</branch>
<branch type="ELSE IF" condition="'${BROWSER_NAME}'== 'ff'">
<kw name="Set Local Variable" library="BuiltIn">
<arg>${driver_name}</arg>
<arg>geckodriver.exe</arg>
<doc>Makes a variable available everywhere within the local scope.</doc>
<status status="NOT RUN" starttime="20220321 17:19:59.070" endtime="20220321 17:19:59.070"/>
</kw>
<status status="NOT RUN" starttime="20220321 17:19:59.069" endtime="20220321 17:19:59.070"/>
</branch>
<branch type="ELSE">
<kw name="Set Local Variable" library="BuiltIn">
<arg>${driver_name}</arg>
<arg>chromedriver.exe</arg>
<doc>Makes a variable available everywhere within the local scope.</doc>
<msg timestamp="20220321 17:19:59.071" level="INFO">${driver_name} = chromedriver.exe</msg>
<status status="PASS" starttime="20220321 17:19:59.070" endtime="20220321 17:19:59.071"/>
</kw>
<status status="PASS" starttime="20220321 17:19:59.070" endtime="20220321 17:19:59.072"/>
</branch>
<status status="PASS" starttime="20220321 17:19:59.069" endtime="20220321 17:19:59.072"/>
</if>
<kw name="Open Browser" library="SeleniumLibrary">
<arg>browser=${BROWSER_NAME}</arg>
<arg>executable_path=${EXECDIR}${/}driver${/}${driver_name}</arg>
<doc>Opens a new browser instance to the optional ``url``.</doc>
<msg timestamp="20220321 17:19:59.073" level="INFO">Opening browser 'chrome' to base url 'None'.</msg>
<status status="PASS" starttime="20220321 17:19:59.072" endtime="20220321 17:20:01.998"/>
</kw>
<kw name="Maximize Browser Window" library="SeleniumLibrary">
<doc>Maximizes current browser window.</doc>
<status status="PASS" starttime="20220321 17:20:01.999" endtime="20220321 17:20:02.157"/>
</kw>
<kw name="Set Selenium Implicit Wait" library="SeleniumLibrary">
<arg>30s</arg>
<doc>Sets the implicit wait value used by Selenium.</doc>
<status status="PASS" starttime="20220321 17:20:02.157" endtime="20220321 17:20:02.162"/>
</kw>
<kw name="Set Screenshot Directory" library="SeleniumLibrary">
<arg>${EXECDIR}${/}screenshot</arg>
<doc>Sets the directory for captured screenshots.</doc>
<status status="PASS" starttime="20220321 17:20:02.163" endtime="20220321 17:20:02.167"/>
</kw>
<kw name="Go To" library="SeleniumLibrary">
<arg>url=${URL}</arg>
<doc>Navigates the current browser window to the provided ``url``.</doc>
<msg timestamp="20220321 17:20:02.168" level="INFO">Opening url 'https://www.ikea.com/in/en/'</msg>
<status status="PASS" starttime="20220321 17:20:02.167" endtime="20220321 17:20:08.901"/>
</kw>
<status status="PASS" starttime="20220321 17:19:59.068" endtime="20220321 17:20:08.901"/>
</kw>
<kw name="Verify Rooms Template">
<arg>Room</arg>
<msg timestamp="20220321 17:20:08.902" level="FAIL">Keyword 'Verify Rooms Template' expected 2 arguments, got 1.</msg>
<status status="FAIL" starttime="20220321 17:20:08.902" endtime="20220321 17:20:08.902"/>
</kw>
<status status="FAIL" starttime="20220321 17:19:59.068" endtime="20220321 17:20:08.903">Keyword 'Verify Rooms Template' expected 2 arguments, got 1.</status>
</test>
<doc>This suite will test the Rooms details</doc>
<status status="FAIL" starttime="20220321 17:19:50.498" endtime="20220321 17:20:08.906"/>
</suite>
<statistics>
<total>
<stat pass="0" fail="2" skip="0">All Tests</stat>
</total>
<tag>
</tag>
<suite>
<stat pass="0" fail="2" skip="0" id="s1" name="Verify Rooms Suite">Verify Rooms Suite</stat>
</suite>
</statistics>
<errors>
</errors>
</robot>
